proguard/seeds.txt
com.dodo.wbbshoutbox.codebot.Login
com.dodo.wbbshoutbox.codebot.Login: Login()
com.dodo.wbbshoutbox.codebot.MainActivity
com.dodo.wbbshoutbox.codebot.MainActivity: MainActivity()
com.dodo.wbbshoutbox.codebot.R$bool: int boolLinksClickable
com.dodo.wbbshoutbox.codebot.R$color: int shadowtest
com.dodo.wbbshoutbox.codebot.R$dimen: int activity_horizontal_margin
com.dodo.wbbshoutbox.codebot.R$dimen: int activity_vertical_margin
com.dodo.wbbshoutbox.codebot.R$dimen: int verlaufsize
com.dodo.wbbshoutbox.codebot.R$drawable: int angry
com.dodo.wbbshoutbox.codebot.R$drawable: int attention
com.dodo.wbbshoutbox.codebot.R$drawable: int backarrow
com.dodo.wbbshoutbox.codebot.R$drawable: int beer
com.dodo.wbbshoutbox.codebot.R$drawable: int bg
com.dodo.wbbshoutbox.codebot.R$drawable: int bg2
com.dodo.wbbshoutbox.codebot.R$drawable: int bg3
com.dodo.wbbshoutbox.codebot.R$drawable: int bga
com.dodo.wbbshoutbox.codebot.R$drawable: int biggrin
com.dodo.wbbshoutbox.codebot.R$drawable: int blink
com.dodo.wbbshoutbox.codebot.R$drawable: int border
com.dodo.wbbshoutbox.codebot.R$drawable: int border_refresh
com.dodo.wbbshoutbox.codebot.R$drawable: int burns
com.dodo.wbbshoutbox.codebot.R$drawable: int confused
com.dodo.wbbshoutbox.codebot.R$drawable: int cool
com.dodo.wbbshoutbox.codebot.R$drawable: int crying
com.dodo.wbbshoutbox.codebot.R$drawable: int cursing
com.dodo.wbbshoutbox.codebot.R$drawable: int evil
com.dodo.wbbshoutbox.codebot.R$drawable: int facepalm
com.dodo.wbbshoutbox.codebot.R$drawable: int huh
com.dodo.wbbshoutbox.codebot.R$drawable: int ic_launcher
com.dodo.wbbshoutbox.codebot.R$drawable: int icon
com.dodo.wbbshoutbox.codebot.R$drawable: int leech
com.dodo.wbbshoutbox.codebot.R$drawable: int login
com.dodo.wbbshoutbox.codebot.R$drawable: int lol
com.dodo.wbbshoutbox.codebot.R$drawable: int love
com.dodo.wbbshoutbox.codebot.R$drawable: int mellow
com.dodo.wbbshoutbox.codebot.R$drawable: int pinch
com.dodo.wbbshoutbox.codebot.R$drawable: int question
com.dodo.wbbshoutbox.codebot.R$id: int RelativeLayout
com.dodo.wbbshoutbox.codebot.R$id: int cmdLogin
com.dodo.wbbshoutbox.codebot.R$id: int cmdMenu
com.dodo.wbbshoutbox.codebot.R$id: int cmdRefresh
com.dodo.wbbshoutbox.codebot.R$id: int cmdSend
com.dodo.wbbshoutbox.codebot.R$id: int lblAutorefresh
com.dodo.wbbshoutbox.codebot.R$id: int lblVerlauf
com.dodo.wbbshoutbox.codebot.R$id: int login
com.dodo.wbbshoutbox.codebot.R$id: int logout
com.dodo.wbbshoutbox.codebot.R$id: int pbReadChat
com.dodo.wbbshoutbox.codebot.R$id: int settings
com.dodo.wbbshoutbox.codebot.R$id: int textView1
com.dodo.wbbshoutbox.codebot.R$id: int txtMessage
com.dodo.wbbshoutbox.codebot.R$id: int txtNick
com.dodo.wbbshoutbox.codebot.R$id: int txtPass
com.dodo.wbbshoutbox.codebot.R$id: int txtUsername
com.dodo.wbbshoutbox.codebot.R$id: int widget0
com.dodo.wbbshoutbox.codebot.R$layout: int activity_login
com.dodo.wbbshoutbox.codebot.R$layout: int activity_main
com.dodo.wbbshoutbox.codebot.R$menu: int main
...
org.jsoup.select.Evaluator$AllElements
org.jsoup.select.Evaluator$AllElements: Evaluator$AllElements()
org.jsoup.select.Evaluator$AllElements: boolean matches(org.jsoup.nodes.Element,org.jsoup.nodes.Element)
org.jsoup.select.Evaluator$AllElements: java.lang.String toString()
org.jsoup.select.Evaluator$Attribute
org.jsoup.select.Evaluator$Attribute: Evaluator$Attribute(java.lang.String)
org.jsoup.select.Evaluator$Attribute: boolean matches(org.jsoup.nodes.Element,org.jsoup.nodes.Element)
org.jsoup.select.Evaluator$Attribute: java.lang.String toString()
org.jsoup.select.Evaluator$AttributeKeyPair
org.jsoup.select.Evaluator$AttributeKeyPair: Evaluator$AttributeKeyPair(java.lang.String,java.lang.String)
org.jsoup.select.Evaluator$AttributeStarting
org.jsoup.select.Evaluator$AttributeStarting: Evaluator$AttributeStarting(java.lang.String)
org.jsoup.select.Evaluator$AttributeStarting: boolean matches(org.jsoup.nodes.Element,org.jsoup.nodes.Element)
org.jsoup.select.Evaluator$AttributeStarting: java.lang.String toString()
org.jsoup.select.Evaluator$AttributeWithValue
org.jsoup.select.Evaluator$AttributeWithValue: Evaluator$AttributeWithValue(java.lang.String,java.lang.String)
org.jsoup.select.Evaluator$AttributeWithValue: boolean matches(org.jsoup.nodes.Element,org.jsoup.nodes.Element)
org.jsoup.select.Evaluator$AttributeWithValue: java.lang.String toString()
org.jsoup.select.Evaluator$AttributeWithValueContaining
org.jsoup.select.Evaluator$AttributeWithValueContaining: Evaluator$AttributeWithValueContaining(java.lang.String,java.lang.String)
org.jsoup.select.Evaluator$AttributeWithValueContaining: boolean matches(org.jsoup.nodes.Element,org.jsoup.nodes.Element)
org.jsoup.select.Evaluator$AttributeWithValueContaining: java.lang.String toString()
org.jsoup.select.Evaluator$AttributeWithValueEnding
org.jsoup.select.Evaluator$AttributeWithValueEnding: Evaluator$AttributeWithValueEnding(java.lang.String,java.lang.String)
org.jsoup.select.Evaluator$AttributeWithValueEnding: boolean matches(org.jsoup.nodes.Element,org.jsoup.nodes.Element)
org.jsoup.select.Evaluator$AttributeWithValueEnding: java.lang.String toString()
org.jsoup.select.Evaluator$AttributeWithValueMatching
org.jsoup.select.Evaluator$AttributeWithValueMatching: Evaluator$AttributeWithValueMatching(java.lang.String,java.util.regex.Pattern)
org.jsoup.select.Evaluator$AttributeWithValueMatching: boolean matches(org.jsoup.nodes.Element,org.jsoup.nodes.Element)
org.jsoup.select.Evaluator$AttributeWithValueMatching: java.lang.String toString()
org.jsoup.select.Evaluator$AttributeWithValueNot
org.jsoup.select.Evaluator$AttributeWithValueNot: Evaluator$AttributeWithValueNot(java.lang.String,java.lang.String)
org.jsoup.select.Evaluator$AttributeWithValueNot: boolean matches(org.jsoup.nodes.Element,org.jsoup.nodes.Element)
org.jsoup.select.Evaluator$AttributeWithValueNot: java.lang.String toString()
org.jsoup.select.Evaluator$AttributeWithValueStarting
org.jsoup.select.Evaluator$AttributeWithValueStarting: Evaluator$AttributeWithValueStarting(java.lang.String,java.lang.String)
org.jsoup.select.Evaluator$AttributeWithValueStarting: boolean matches(org.jsoup.nodes.Element,org.jsoup.nodes.Element)
org.jsoup.select.Evaluator$AttributeWithValueStarting: java.lang.String toString()
org.jsoup.select.Evaluator$Class
org.jsoup.select.Evaluator$Class: Evaluator$Class(java.lang.String)
org.jsoup.select.Evaluator$Class: boolean matches(org.jsoup.nodes.Element,org.jsoup.nodes.Element)
org.jsoup.select.Evaluator$Class: java.lang.String toString()
org.jsoup.select.Evaluator$ContainsOwnText
org.jsoup.select.Evaluator$ContainsOwnText: Evaluator$ContainsOwnText(java.lang.String)
org.jsoup.select.Evaluator$ContainsOwnText: boolean matches(org.jsoup.nodes.Element,org.jsoup.nodes.Element)
org.jsoup.select.Evaluator$ContainsOwnText: java.lang.String toString()