proguard/mapping.txt
com.dodo.wbbshoutbox.codebot.Login -> com.dodo.wbbshoutbox.codebot.Login:
    void onCreate(android.os.Bundle) -> onCreate
    void login() -> a
com.dodo.wbbshoutbox.codebot.Login$1 -> com.dodo.wbbshoutbox.codebot.a:
    com.dodo.wbbshoutbox.codebot.Login this$0 -> a
    void onClick(android.view.View) -> onClick
com.dodo.wbbshoutbox.codebot.Login$2 -> com.dodo.wbbshoutbox.codebot.b:
    com.dodo.wbbshoutbox.codebot.Login this$0 -> a
    void onSuccess(java.lang.String) -> a
    void onFailure$7823fa96(java.lang.Throwable) -> a
com.dodo.wbbshoutbox.codebot.MainActivity -> com.dodo.wbbshoutbox.codebot.MainActivity:
    java.lang.String baseUrl -> a
    com.loopj.android.http.AsyncHttpClient client2 -> b
    java.lang.String version -> c
    int loggedIn -> d
    int requireLogin -> e
    int timeoutchat -> f
    int autorefresh -> g
    int showTime -> h
    int refreshanimation -> i
    int changechatdirection -> j
    android.view.Menu menucopy -> k
    android.content.Context context -> l
    com.loopj.android.http.PersistentCookieStore myCookieStore -> m
    android.widget.TextView Usernamefield -> n
    android.widget.Button Sendbutton -> o
    android.widget.Button Refreshbutton -> p
    android.widget.ProgressBar pbReadChat -> q
    android.widget.TextView lblVerlauf -> r
    android.widget.TextView lblAutoRefresh -> s
    java.lang.Runnable runable -> t
    android.os.Handler mHandler -> u
    java.lang.Runnable rTimeout -> v
    android.os.Handler mTimeout -> w
    void onCreate(android.os.Bundle) -> onCreate
    boolean onCreateOptionsMenu(android.view.Menu) -> onCreateOptionsMenu
    boolean onOptionsItemSelected(android.view.MenuItem) -> onOptionsItemSelected
    void updateMenu() -> a
    void alertBoxLocked(java.lang.String,java.lang.String) -> a
    void refresh() -> b
    void autorefresh() -> g
    void send() -> c
    void timeout() -> d
    void read(java.lang.String) -> a
    java.lang.String umkehren(java.lang.String) -> b
    void getRequest(java.lang.String) -> c
com.dodo.wbbshoutbox.codebot.MainActivity$1 -> com.dodo.wbbshoutbox.codebot.c:
    com.dodo.wbbshoutbox.codebot.MainActivity this$0 -> a
    void onClick(android.view.View) -> onClick
com.dodo.wbbshoutbox.codebot.MainActivity$10 -> com.dodo.wbbshoutbox.codebot.d:
    com.dodo.wbbshoutbox.codebot.MainActivity this$0 -> a
    void onSuccess(java.lang.String) -> a
    void onFailure$7823fa96(java.lang.Throwable) -> a
com.dodo.wbbshoutbox.codebot.MainActivity$11 -> com.dodo.wbbshoutbox.codebot.e:
    com.dodo.wbbshoutbox.codebot.MainActivity this$0 -> a
    void onSuccess(java.lang.String) -> a
    void onFailure$7823fa96(java.lang.Throwable) -> a
com.dodo.wbbshoutbox.codebot.MainActivity$2 -> com.dodo.wbbshoutbox.codebot.f:
    com.dodo.wbbshoutbox.codebot.MainActivity this$0 -> a
    void onClick(android.view.View) -> onClick
com.dodo.wbbshoutbox.codebot.MainActivity$3 -> com.dodo.wbbshoutbox.codebot.g:
    com.dodo.wbbshoutbox.codebot.MainActivity this$0 -> a
    void onClick(android.view.View) -> onClick
com.dodo.wbbshoutbox.codebot.MainActivity$4 -> com.dodo.wbbshoutbox.codebot.h:
    com.dodo.wbbshoutbox.codebot.MainActivity this$0 -> a
    void onSuccess(java.lang.String) -> a
com.dodo.wbbshoutbox.codebot.MainActivity$5 -> com.dodo.wbbshoutbox.codebot.i:
    com.dodo.wbbshoutbox.codebot.MainActivity this$0 -> a
    void onClick(android.content.DialogInterface,int) -> onClick
com.dodo.wbbshoutbox.codebot.MainActivity$7 -> com.dodo.wbbshoutbox.codebot.j:
    void onSuccess(java.lang.String) -> a
    void onFailure$7823fa96(java.lang.Throwable) -> a
com.dodo.wbbshoutbox.codebot.MainActivity$8 -> com.dodo.wbbshoutbox.codebot.k:
    void run() -> run
com.dodo.wbbshoutbox.codebot.MainActivity$9 -> com.dodo.wbbshoutbox.codebot.l:
    com.dodo.wbbshoutbox.codebot.MainActivity this$0 -> a
    android.widget.Button val$cmdSend -> b
    void run() -> run
...
android.support.v4.content.Loader$OnLoadCompleteListener -> android.support.v4.a.b:
android.support.v4.os.ParcelableCompat -> android.support.v4.b.a:
    android.os.Parcelable$Creator newCreator(android.support.v4.os.ParcelableCompatCreatorCallbacks) -> a
android.support.v4.os.ParcelableCompat$CompatCreator -> android.support.v4.b.b:
    android.support.v4.os.ParcelableCompatCreatorCallbacks mCallbacks -> a
    java.lang.Object createFromParcel(android.os.Parcel) -> createFromParcel
    java.lang.Object[] newArray(int) -> newArray
android.support.v4.os.ParcelableCompatCreatorCallbacks -> android.support.v4.b.c:
    java.lang.Object createFromParcel(android.os.Parcel,java.lang.ClassLoader) -> a
    java.lang.Object[] newArray(int) -> a
android.support.v4.os.ParcelableCompatCreatorHoneycombMR2 -> android.support.v4.b.d:
    android.support.v4.os.ParcelableCompatCreatorCallbacks mCallbacks -> a
    java.lang.Object createFromParcel(android.os.Parcel) -> createFromParcel
    java.lang.Object createFromParcel(android.os.Parcel,java.lang.ClassLoader) -> createFromParcel
    java.lang.Object[] newArray(int) -> newArray
android.support.v4.util.DebugUtils -> android.support.v4.c.a:
    void buildShortClassTag(java.lang.Object,java.lang.StringBuilder) -> a
android.support.v4.util.LogWriter -> android.support.v4.c.b:
    java.lang.String mTag -> a
    java.lang.StringBuilder mBuilder -> b
    void close() -> close
    void flush() -> flush
    void write(char[],int,int) -> write
    void flushBuilder() -> a
android.support.v4.util.SparseArrayCompat -> android.support.v4.c.c:
    java.lang.Object DELETED -> a
    boolean mGarbage -> b
    int[] mKeys -> c
    java.lang.Object[] mValues -> d
    int mSize -> e
    void gc() -> c
    int size() -> a
    int keyAt(int) -> a
    java.lang.Object valueAt(int) -> b
    void clear() -> b
android.support.v4.view.AccessibilityDelegateCompat -> android.support.v4.view.a:
    android.support.v4.view.AccessibilityDelegateCompat$AccessibilityDelegateImpl IMPL -> b
    java.lang.Object DEFAULT_DELEGATE -> c
    java.lang.Object mBridge -> a
    java.lang.Object getBridge() -> a
    void sendAccessibilityEvent(android.view.View,int) -> a
    void sendAccessibilityEventUnchecked(android.view.View,android.view.accessibility.AccessibilityEvent) -> a
    boolean dispatchPopulateAccessibilityEvent(android.view.View,android.view.accessibility.AccessibilityEvent) -> b
    void onPopulateAccessibilityEvent(android.view.View,android.view.accessibility.AccessibilityEvent) -> c
    void onInitializeAccessibilityEvent(android.view.View,android.view.accessibility.AccessibilityEvent) -> d
    void onInitializeAccessibilityNodeInfo(android.view.View,android.support.v4.view.accessibility.AccessibilityNodeInfoCompat) -> a
    boolean onRequestSendAccessibilityEvent(android.view.ViewGroup,android.view.View,android.view.accessibility.AccessibilityEvent) -> a
    android.support.v4.view.accessibility.AccessibilityNodeProviderCompat getAccessibilityNodeProvider(android.view.View) -> a
    boolean performAccessibilityAction(android.view.View,int,android.os.Bundle) -> a