proguard/usage.txt
com.dodo.wbbshoutbox.codebot.BuildConfig
com.dodo.wbbshoutbox.codebot.Cookies:
    6:6:public Cookies()
    52:59:public static java.lang.String getExpiry(java.lang.String)
com.dodo.wbbshoutbox.codebot.MainActivity:
    251:260:public void alertBoxUpdate(java.lang.String,java.lang.String)
com.dodo.wbbshoutbox.codebot.MainActivity$6
com.dodo.wbbshoutbox.codebot.R
com.dodo.wbbshoutbox.codebot.R$attr
com.dodo.wbbshoutbox.codebot.R$bool
com.dodo.wbbshoutbox.codebot.R$color
com.dodo.wbbshoutbox.codebot.R$dimen
com.dodo.wbbshoutbox.codebot.R$drawable
com.dodo.wbbshoutbox.codebot.R$id
com.dodo.wbbshoutbox.codebot.R$layout
com.dodo.wbbshoutbox.codebot.R$menu
com.dodo.wbbshoutbox.codebot.R$string
com.dodo.wbbshoutbox.codebot.R$style
com.dodo.wbbshoutbox.codebot.R$xml
com.dodo.wbbshoutbox.codebot.Request:
    7:7:public Request()
    16:17:public static void post(java.lang.String,com.loopj.android.http.RequestParams,com.loopj.android.http.AsyncHttpResponseHandler)
com.dodo.wbbshoutbox.codebot.Smilies:
    15:15:public Smilies()
com.dodo.wbbshoutbox.codebot.UserData:
    7:7:public UserData()
...
android.support.v4.view.VelocityTrackerCompat$VelocityTrackerVersionImpl:
    public abstract float getYVelocity(android.view.VelocityTracker,int)
android.support.v4.view.VelocityTrackerCompatHoneycomb:
    24:24:VelocityTrackerCompatHoneycomb()
    29:29:public static float getYVelocity(android.view.VelocityTracker,int)
android.support.v4.view.ViewCompat:
    public static final int OVER_SCROLL_ALWAYS
    public static final int OVER_SCROLL_IF_CONTENT_SCROLLS
    public static final int OVER_SCROLL_NEVER
    private static final long FAKE_FRAME_TIME
    public static final int IMPORTANT_FOR_ACCESSIBILITY_AUTO
    public static final int IMPORTANT_FOR_ACCESSIBILITY_YES
    public static final int IMPORTANT_FOR_ACCESSIBILITY_NO
    public static final int LAYER_TYPE_NONE
    public static final int LAYER_TYPE_SOFTWARE
    public static final int LAYER_TYPE_HARDWARE
    31:308:public ViewCompat()
    358:358:public static boolean canScrollVertically(android.view.View,int)
    387:388:public static void setOverScrollMode(android.view.View,int)
    424:425:public static void onPopulateAccessibilityEvent(android.view.View,android.view.accessibility.AccessibilityEvent)
    457:458:public static void onInitializeAccessibilityEvent(android.view.View,android.view.accessibility.AccessibilityEvent)
    493:494:public static void onInitializeAccessibilityNodeInfo(android.view.View,android.support.v4.view.accessibility.AccessibilityNodeInfoCompat)
    520:520:public static boolean hasTransientState(android.view.View)
    531:532:public static void setHasTransientState(android.view.View,boolean)
    562:563:public static void postInvalidateOnAnimation(android.view.View,int,int,int,int)
    593:594:public static void postOnAnimationDelayed(android.view.View,java.lang.Runnable,long)
android.support.v4.view.ViewCompat$BaseViewCompatImpl:
    144:144:public boolean canScrollVertically(android.view.View,int)
    151:151:public void setOverScrollMode(android.view.View,int)
    157:157:public void onPopulateAccessibilityEvent(android.view.View,android.view.accessibility.AccessibilityEvent)
    160:160:public void onInitializeAccessibilityEvent(android.view.View,android.view.accessibility.AccessibilityEvent)
    163:163:public void onInitializeAccessibilityNodeInfo(android.view.View,android.support.v4.view.accessibility.AccessibilityNodeInfoCompat)
    166:166:public boolean hasTransientState(android.view.View)
    170:170:public void setHasTransientState(android.view.View,boolean)
    175:176:public void postInvalidateOnAnimation(android.view.View,int,int,int,int)
    181:182:public void postOnAnimationDelayed(android.view.View,java.lang.Runnable,long)
    193:193:public boolean performAccessibilityAction(android.view.View,int,android.os.Bundle)
    196:196:public android.support.v4.view.accessibility.AccessibilityNodeProviderCompat getAccessibilityNodeProvider(android.view.View)
    201:201:public int getLayerType(android.view.View)
    204:204:public int getLabelFor(android.view.View)
    208:208:public void setLabelFor(android.view.View,int)
android.support.v4.view.ViewCompat$GBViewCompatImpl:
    218:219:public void setOverScrollMode(android.view.View,int)
android.support.v4.view.ViewCompat$HCViewCompatImpl:
    230:230:public int getLayerType(android.view.View)
android.support.v4.view.ViewCompat$ICSViewCompatImpl:
    241:241:public boolean canScrollVertically(android.view.View,int)
    245:246:public void onPopulateAccessibilityEvent(android.view.View,android.view.accessibility.AccessibilityEvent)
    249:250:public void onInitializeAccessibilityEvent(android.view.View,android.view.accessibility.AccessibilityEvent)
    253:254:public void onInitializeAccessibilityNodeInfo(android.view.View,android.support.v4.view.accessibility.AccessibilityNodeInfoCompat)